\BOOKMARK [0][-]{chapter.1}{\376\377\000L\000e\000z\000i\000o\000n\000e\000\040\0002\000:\000\040\000P\000r\000o\000c\000e\000s\000s\000i\000\040\000e\000\040\000q\000u\000a\000l\000i\000t\000\340\000\040\000d\000e\000l\000\040\000s\000o\000f\000t\000w\000a\000r\000e}{}% 1
\BOOKMARK [1][-]{section.1.1}{\376\377\000P\000r\000o\000c\000e\000s\000s\000i\000\040\000s\000o\000f\000t\000w\000a\000r\000e}{chapter.1}% 2
\BOOKMARK [2][-]{subsection.1.1.1}{\376\377\000I\000\040\000m\000o\000d\000e\000l\000l\000i\000\040\000d\000i\000\040\000p\000r\000o\000c\000e\000s\000s\000o\000\040\000s\000o\000f\000t\000w\000a\000r\000e}{section.1.1}% 3
\BOOKMARK [2][-]{subsection.1.1.2}{\376\377\000I\000l\000\040\000m\000o\000d\000e\000l\000l\000o\000\040\000a\000\040\000c\000a\000s\000c\000a\000t\000a}{section.1.1}% 4
\BOOKMARK [1][-]{section.1.2}{\376\377\000I\000n\000g\000e\000g\000n\000e\000r\000i\000z\000z\000a\000z\000i\000o\000n\000e\000\040\000d\000e\000i\000\040\000r\000e\000q\000u\000i\000s\000i\000t\000i}{chapter.1}% 5
\BOOKMARK [1][-]{section.1.3}{\376\377\000D\000e\000s\000i\000n\000g\000\040\000d\000e\000l\000\040\000s\000i\000s\000t\000e\000m\000a\000\040\000e\000\040\000d\000e\000l\000\040\000s\000o\000f\000t\000w\000a\000r\000e\000/\000U\000I}{chapter.1}% 6
\BOOKMARK [1][-]{section.1.4}{\376\377\000I\000m\000p\000l\000e\000m\000e\000n\000t\000a\000z\000i\000o\000n\000e}{chapter.1}% 7
\BOOKMARK [1][-]{section.1.5}{\376\377\000V\000e\000r\000i\000f\000i\000c\000a\000z\000i\000o\000n\000e\000\040\000e\000\040\000v\000a\000l\000i\000d\000a\000z\000i\000o\000n\000e\000\040\000\050\000V\000\046\000V\000\051}{chapter.1}% 8
\BOOKMARK [1][-]{section.1.6}{\376\377\000O\000p\000e\000r\000a\000z\000i\000o\000n\000i\000\040\000e\000\040\000m\000a\000n\000u\000t\000e\000n\000z\000i\000o\000n\000e}{chapter.1}% 9
\BOOKMARK [1][-]{section.1.7}{\376\377\000Q\000u\000a\000l\000i\000t\000\340\000\040\000d\000e\000l\000\040\000s\000o\000f\000t\000w\000a\000r\000e}{chapter.1}% 10
\BOOKMARK [1][-]{section.1.8}{\376\377\000I\000l\000\040\000m\000o\000d\000e\000l\000l\000o\000\040\000I\000S\000O\000/\000I\000E\000C\000\040\0002\0005\0000\0000\0002}{chapter.1}% 11
\BOOKMARK [2][-]{subsection.1.8.1}{\376\377\000Q\000u\000a\000l\000i\000t\000\340\000\040\000d\000e\000l\000\040\000s\000o\000f\000t\000w\000a\000r\000e\000:\000\040\000i\000d\000o\000n\000e\000i\000t\000\340}{section.1.8}% 12
\BOOKMARK [2][-]{subsection.1.8.2}{\376\377\000A\000f\000f\000i\000d\000a\000b\000i\000l\000i\000t\000\340}{section.1.8}% 13
\BOOKMARK [2][-]{subsection.1.8.3}{\376\377\000E\000f\000f\000i\000c\000i\000e\000n\000z\000a}{section.1.8}% 14
\BOOKMARK [2][-]{subsection.1.8.4}{\376\377\000U\000s\000a\000b\000i\000l\000i\000t\000\340}{section.1.8}% 15
\BOOKMARK [2][-]{subsection.1.8.5}{\376\377\000S\000i\000c\000u\000r\000e\000z\000z\000a}{section.1.8}% 16
\BOOKMARK [2][-]{subsection.1.8.6}{\376\377\000C\000o\000m\000p\000a\000t\000i\000b\000i\000l\000i\000t\000\340}{section.1.8}% 17
\BOOKMARK [2][-]{subsection.1.8.7}{\376\377\000M\000a\000n\000u\000t\000e\000n\000i\000b\000i\000l\000i\000t\000\340}{section.1.8}% 18
\BOOKMARK [2][-]{subsection.1.8.8}{\376\377\000F\000l\000e\000s\000s\000i\000b\000i\000l\000i\000t\000\340}{section.1.8}% 19
\BOOKMARK [2][-]{subsection.1.8.9}{\376\377\000S\000i\000c\000u\000r\000e\000z\000z\000a}{section.1.8}% 20
\BOOKMARK [1][-]{section.1.9}{\376\377\000M\000o\000d\000e\000l\000l\000o\000\040\000d\000e\000l\000l\000a\000\040\000q\000u\000a\000l\000i\000t\000\340\000-\000i\000n\000-\000u\000s\000o}{chapter.1}% 21
\BOOKMARK [2][-]{subsection.1.9.1}{\376\377\000U\000s\000a\000b\000i\000l\000i\000t\000\340}{section.1.9}% 22
\BOOKMARK [2][-]{subsection.1.9.2}{\376\377\000S\000i\000c\000u\000r\000e\000z\000z\000a}{section.1.9}% 23
\BOOKMARK [2][-]{subsection.1.9.3}{\376\377\000F\000l\000e\000s\000s\000i\000b\000i\000l\000i\000t\000\340}{section.1.9}% 24
\BOOKMARK [0][-]{chapter.2}{\376\377\000L\000e\000z\000i\000o\000n\000e\000\040\0003\000\040\000-\000\040\000R\000e\000q\000u\000i\000s\000i\000t\000i\000\040\000d\000'\000i\000n\000g\000e\000g\000n\000e\000r\000i\000a\000:\000\040\000e\000l\000i\000c\000i\000t\000a\000z\000i\000o\000n\000e\000\040\000e\000\040\000a\000n\000a\000l\000i\000s\000i}{}% 25
\BOOKMARK [1][-]{section.2.1}{\376\377\000I\000l\000\040\000c\000i\000c\000l\000o\000\040\000d\000i\000\040\000v\000i\000t\000a\000\040\000d\000e\000l\000\040\000s\000o\000f\000t\000w\000a\000r\000e}{chapter.2}% 26
\BOOKMARK [2][-]{subsection.2.1.1}{\376\377\000R\000e\000q\000u\000i\000s\000i\000t\000i\000\040\000s\000o\000f\000t\000w\000a\000r\000e}{section.2.1}% 27
\BOOKMARK [2][-]{subsection.2.1.2}{\376\377\000R\000e\000q\000u\000i\000s\000i\000t\000i\000\040\000f\000u\000n\000z\000i\000o\000n\000a\000l\000e\000\040\000e\000\040\000n\000o\000n\000-\000f\000u\000n\000z\000i\000o\000n\000a\000l\000e}{section.2.1}% 28
\BOOKMARK [1][-]{section.2.2}{\376\377\000P\000r\000o\000p\000r\000i\000e\000t\000\340\000\040\000d\000e\000i\000\040\000b\000u\000o\000n\000i\000\040\000r\000e\000q\000u\000i\000s\000i\000t\000i}{chapter.2}% 29
\BOOKMARK [2][-]{subsection.2.2.1}{\376\377\000R\000e\000q\000u\000i\000s\000i\000t\000i\000\040\000d\000i\000\040\000t\000e\000s\000t\000a\000b\000i\000l\000i\000t\000\340}{section.2.2}% 30
\BOOKMARK [2][-]{subsection.2.2.2}{\376\377\000R\000e\000q\000u\000i\000s\000i\000t\000i\000\040\000n\000o\000n\000-\000f\000u\000n\000z\000i\000o\000n\000a\000l\000i\000\040\000t\000e\000s\000t\000a\000b\000i\000l\000i}{section.2.2}% 31
\BOOKMARK [1][-]{section.2.3}{\376\377\000I\000l\000\040\000p\000r\000o\000c\000e\000s\000s\000o\000\040\000d\000i\000\040\000i\000n\000g\000e\000g\000n\000e\000r\000i\000z\000z\000a\000z\000i\000o\000n\000e\000\040\000d\000e\000l\000\040\000r\000e\000q\000u\000i\000s\000i\000t\000o}{chapter.2}% 32
\BOOKMARK [1][-]{section.2.4}{\376\377\000I\000l\000\040\000p\000r\000o\000c\000e\000s\000s\000o\000\040\000R\000E}{chapter.2}% 33
\BOOKMARK [2][-]{subsection.2.4.1}{\376\377\000E\000l\000i\000c\000i\000t\000a\000z\000i\000o\000n\000e\000\040\000e\000\040\000a\000n\000a\000l\000i\000s\000i\000\040\000d\000e\000i\000\040\000r\000e\000q\000u\000i\000s\000i\000t\000i}{section.2.4}% 34
\BOOKMARK [1][-]{section.2.5}{\376\377\000P\000r\000o\000c\000e\000s\000s\000o\000\040\000d\000e\000l\000l\000'\000e\000l\000i\000c\000i\000t\000a\000z\000i\000o\000n\000e\000\040\000e\000\040\000a\000n\000a\000l\000i\000s\000i\000\040\000d\000e\000i\000\040\000r\000e\000q\000u\000i\000s\000i\000t\000i}{chapter.2}% 35
\BOOKMARK [1][-]{section.2.6}{\376\377\000I\000m\000p\000o\000r\000t\000a\000n\000z\000a\000\040\000d\000e\000l\000l\000a\000\040\000C\000o\000n\000o\000s\000c\000e\000n\000z\000a\000\040\000d\000e\000g\000l\000i\000\040\000U\000t\000e\000n\000t\000i}{chapter.2}% 36
\BOOKMARK [2][-]{subsection.2.6.1}{\376\377\000P\000e\000r\000s\000o\000n\000a\000s}{section.2.6}% 37
\BOOKMARK [2][-]{subsection.2.6.2}{\376\377\000C\000a\000s\000i\000\040\000d\000'\000U\000s\000o\000\040\000d\000e\000l\000l\000e\000\040\000P\000e\000r\000s\000o\000n\000a\000s}{section.2.6}% 38
\BOOKMARK [2][-]{subsection.2.6.3}{\376\377\000S\000t\000o\000r\000i\000e\000\040\000U\000t\000e\000n\000t\000e}{section.2.6}% 39
\BOOKMARK [1][-]{section.2.7}{\376\377\000M\000o\000c\000k\000u\000p\000\040\000a\000\040\000b\000a\000s\000s\000a\000\040\000f\000e\000d\000e\000l\000t\000\340}{chapter.2}% 40
\BOOKMARK [0][-]{chapter.3}{\376\377\000L\000e\000z\000i\000o\000n\000e\000\040\0004\000:\000\040\000D\000i\000a\000g\000r\000a\000m\000m\000i\000\040\000U\000s\000e\000\040\000C\000a\000s\000e}{}% 41
\BOOKMARK [1][-]{section.3.1}{\376\377\000S\000p\000e\000c\000i\000f\000i\000c\000a\000z\000i\000o\000n\000e\000\040\000d\000e\000i\000\040\000r\000e\000q\000u\000i\000s\000i\000t\000i}{chapter.3}% 42
\BOOKMARK [2][-]{subsection.3.1.1}{\376\377\000R\000e\000q\000u\000i\000s\000i\000t\000i\000\040\000e\000\040\000d\000e\000s\000i\000g\000n}{section.3.1}% 43
\BOOKMARK [2][-]{subsection.3.1.2}{\376\377\000S\000p\000e\000c\000i\000f\000i\000c\000a\000\040\000d\000e\000i\000\040\000r\000e\000q\000u\000i\000s\000i\000t\000i}{section.3.1}% 44
\BOOKMARK [1][-]{section.3.2}{\376\377\000S\000p\000e\000c\000i\000f\000i\000c\000a\000z\000i\000o\000n\000i\000\040\000d\000e\000l\000\040\000l\000i\000n\000g\000u\000a\000g\000g\000i\000o\000\040\000n\000a\000t\000u\000r\000a\000l\000e\000\040\000\050\000N\000L\000\051}{chapter.3}% 45
\BOOKMARK [1][-]{section.3.3}{\376\377\000D\000i\000a\000g\000r\000a\000m\000m\000i\000\040\000U\000s\000e\000\040\000C\000a\000s\000e}{chapter.3}% 46
\BOOKMARK [2][-]{subsection.3.3.1}{\376\377\000A\000t\000t\000o\000r\000i}{section.3.3}% 47
\BOOKMARK [2][-]{subsection.3.3.2}{\376\377\000E\000u\000r\000i\000s\000t\000i\000c\000a\000\040\000p\000e\000r\000\040\000i\000d\000e\000n\000t\000i\000f\000i\000c\000a\000r\000e\000\040\000g\000l\000i\000\040\000a\000t\000t\000o\000r\000i}{section.3.3}% 48
\BOOKMARK [2][-]{subsection.3.3.3}{\376\377\000A\000s\000s\000o\000c\000i\000a\000z\000i\000o\000n\000i}{section.3.3}% 49
\BOOKMARK [2][-]{subsection.3.3.4}{\376\377\000A\000t\000t\000o\000r\000i\000\040\000s\000e\000c\000o\000n\000d\000a\000r\000i}{section.3.3}% 50
\BOOKMARK [2][-]{subsection.3.3.5}{\376\377\000G\000e\000n\000e\000r\000a\000l\000i\000z\000z\000a\000z\000i\000o\000n\000i\000\040\000d\000e\000g\000l\000i\000\040\000a\000t\000t\000o\000r\000i}{section.3.3}% 51
\BOOKMARK [2][-]{subsection.3.3.6}{\376\377\000L\000a\000\040\000r\000e\000l\000a\000z\000i\000o\000n\000e\000\040\000<\000<\000i\000n\000c\000l\000u\000d\000e\000>\000>}{section.3.3}% 52
\BOOKMARK [2][-]{subsection.3.3.7}{\376\377\000L\000a\000\040\000r\000e\000l\000a\000z\000i\000o\000n\000e\000\040\000<\000<\000e\000x\000t\000e\000n\000d\000>\000>}{section.3.3}% 53
\BOOKMARK [1][-]{section.3.4}{\376\377\000E\000r\000r\000o\000r\000i\000\040\000d\000a\000\040\000p\000r\000i\000n\000c\000i\000p\000i\000a\000n\000t\000i}{chapter.3}% 54
\BOOKMARK [1][-]{section.3.5}{\376\377\000E\000s\000e\000r\000c\000i\000z\000i}{chapter.3}% 55
\BOOKMARK [0][-]{chapter.4}{\376\377\000L\000e\000z\000i\000o\000n\000e\000\040\0005\000:\000\040\000U\000s\000e\000\040\000C\000a\000s\000e\000\040\000c\000o\000m\000p\000l\000e\000t\000i}{}% 56
\BOOKMARK [1][-]{section.4.1}{\376\377\000S\000p\000e\000c\000i\000f\000i\000c\000a\000z\000i\000o\000n\000i\000\040\000d\000e\000g\000l\000i\000\040\000U\000s\000e\000\040\000C\000a\000s\000e}{chapter.4}% 57
\BOOKMARK [2][-]{subsection.4.1.1}{\376\377\000D\000e\000s\000c\000r\000i\000z\000i\000o\000n\000e\000\040\000t\000e\000s\000t\000u\000a\000l\000e\000\040\000d\000i\000\040\000u\000n\000\040\000U\000s\000e\000\040\000C\000a\000s\000e}{section.4.1}% 58
\BOOKMARK [2][-]{subsection.4.1.2}{\376\377\000F\000o\000r\000m\000a\000t\000i\000\040\000d\000i\000\040\000U\000s\000e\000\040\000C\000a\000s\000e}{section.4.1}% 59
\BOOKMARK [2][-]{subsection.4.1.3}{\376\377\000D\000e\000s\000c\000r\000i\000z\000i\000o\000n\000i\000\040\000d\000e\000g\000l\000i\000\040\000U\000s\000e\000\040\000C\000a\000s\000e\000\040\000c\000o\000m\000p\000l\000e\000t\000i}{section.4.1}% 60
\BOOKMARK [2][-]{subsection.4.1.4}{\376\377\000S\000c\000e\000n\000a\000r\000i\000\040\000p\000r\000i\000n\000c\000i\000p\000a\000l\000i\000\040\000e\000d\000\040\000e\000s\000t\000e\000n\000s\000i\000o\000n\000i}{section.4.1}% 61
\BOOKMARK [1][-]{section.4.2}{\376\377\000E\000s\000e\000m\000p\000i\000o}{chapter.4}% 62
\BOOKMARK [1][-]{section.4.3}{\376\377\000V\000a\000l\000i\000d\000a\000z\000i\000o\000n\000e\000\040\000d\000e\000i\000\040\000r\000e\000q\000u\000i\000s\000i\000t\000i}{chapter.4}% 63
\BOOKMARK [2][-]{subsection.4.3.1}{\376\377\000C\000o\000n\000t\000r\000o\000l\000l\000o\000\040\000d\000e\000i\000\040\000r\000e\000q\000u\000i\000s\000i\000t\000i}{section.4.3}% 64
\BOOKMARK [2][-]{subsection.4.3.2}{\376\377\000T\000e\000c\000n\000i\000c\000h\000e\000\040\000d\000i\000\040\000v\000a\000l\000i\000d\000a\000z\000i\000o\000n\000e\000\040\000d\000e\000i\000\040\000r\000e\000q\000u\000i\000s\000i\000t\000i}{section.4.3}% 65
\BOOKMARK [0][-]{chapter.5}{\376\377\000L\000e\000z\000i\000o\000n\000e\000\040\0006\000\040\000e\000\040\0007\000:\000\040\000S\000t\000a\000t\000e\000c\000h\000a\000r\000t\000s}{}% 66
\BOOKMARK [1][-]{section.5.1}{\376\377\000S\000t\000a\000t\000e\000c\000h\000a\000r\000t}{chapter.5}% 67
\BOOKMARK [2][-]{subsection.5.1.1}{\376\377\000M\000o\000d\000e\000l\000l\000a\000z\000i\000o\000n\000e\000\040\000c\000o\000n\000\040\000s\000t\000a\000t\000i\000\040\000e\000\040\000t\000r\000a\000n\000s\000i\000z\000i\000o\000n\000i}{section.5.1}% 68
\BOOKMARK [2][-]{subsection.5.1.2}{\376\377\000R\000e\000g\000i\000o\000n\000i\000,\000\040\000v\000e\000r\000t\000i\000c\000i\000\040\000e\000\040\000t\000r\000a\000n\000s\000i\000z\000i\000o\000n\000i}{section.5.1}% 69
\BOOKMARK [2][-]{subsection.5.1.3}{\376\377\000S\000t\000a\000t\000i\000\040\000\050\000s\000e\000m\000p\000l\000i\000c\000i\000\051}{section.5.1}% 70
\BOOKMARK [2][-]{subsection.5.1.4}{\376\377\000P\000s\000e\000u\000d\000o\000s\000t\000a\000t\000i\000\040\000i\000n\000i\000z\000i\000a\000l\000i\000\040\000e\000\040\000s\000t\000a\000t\000i\000\040\000f\000i\000n\000a\000l\000i}{section.5.1}% 71
\BOOKMARK [2][-]{subsection.5.1.5}{\376\377\000S\000i\000n\000t\000a\000s\000s\000i\000\040\000d\000e\000l\000l\000e\000\040\000t\000r\000a\000n\000s\000i\000z\000i\000o\000n\000i}{section.5.1}% 72
\BOOKMARK [2][-]{subsection.5.1.6}{\376\377\000S\000e\000m\000a\000n\000t\000i\000c\000a\000\040\000d\000e\000l\000l\000e\000\040\000t\000r\000a\000n\000s\000i\000z\000i\000o\000n\000i}{section.5.1}% 73
\BOOKMARK [2][-]{subsection.5.1.7}{\376\377\000A\000t\000t\000i\000v\000i\000t\000\340\000\040\000i\000n\000t\000e\000r\000n\000e\000\040\000d\000e\000g\000l\000i\000\040\000s\000t\000a\000t\000i}{section.5.1}% 74
\BOOKMARK [2][-]{subsection.5.1.8}{\376\377\000S\000t\000a\000t\000i\000\040\000c\000o\000m\000p\000o\000s\000t\000i}{section.5.1}% 75
\BOOKMARK [2][-]{subsection.5.1.9}{\376\377\000R\000e\000g\000i\000o\000n\000i\000\040\000p\000a\000r\000a\000l\000l\000e\000l\000e}{section.5.1}% 76
\BOOKMARK [2][-]{subsection.5.1.10}{\376\377\000P\000s\000e\000u\000d\000o\000s\000t\000a\000t\000i\000\040\000d\000i\000\040\000S\000h\000a\000l\000l\000o\000w\000\040\000H\000i\000s\000t\000o\000r\000y}{section.5.1}% 77
\BOOKMARK [2][-]{subsection.5.1.11}{\376\377\000P\000s\000e\000u\000d\000o\000s\000t\000a\000t\000i\000\040\000d\000i\000\040\000D\000e\000e\000p\000\040\000H\000i\000s\000t\000o\000r\000y}{section.5.1}% 78
\BOOKMARK [2][-]{subsection.5.1.12}{\376\377\000P\000s\000e\000u\000d\000o\000s\000t\000a\000t\000i\000\040\000F\000o\000r\000k\000\040\000e\000\040\000J\000o\000i\000n}{section.5.1}% 79
\BOOKMARK [2][-]{subsection.5.1.13}{\376\377\000C\000o\000n\000s\000i\000g\000l\000i\000\040\000e\000\040\000t\000r\000u\000c\000c\000h\000i\000\040\000p\000e\000r\000\040\000g\000l\000i\000\040\000S\000t\000a\000t\000e\000c\000h\000a\000r\000t}{section.5.1}% 80
\BOOKMARK [1][-]{section.5.2}{\376\377\000S\000t\000a\000t\000e\000c\000h\000a\000r\000t\000s\000\040\000n\000e\000l\000\040\000m\000o\000n\000d\000o\000\040\000r\000e\000a\000l\000e}{chapter.5}% 81
\BOOKMARK [2][-]{subsection.5.2.1}{\376\377\000M\000o\000d\000e\000l\000-\000d\000r\000i\000v\000e\000n\000\040\000D\000e\000v\000e\000l\000o\000p\000m\000e\000n\000t}{section.5.2}% 82
\BOOKMARK [2][-]{subsection.5.2.2}{\376\377\000G\000e\000s\000t\000i\000o\000n\000e\000\040\000d\000e\000g\000l\000i\000\040\000s\000t\000a\000t\000i\000\040\000d\000e\000l\000l\000'\000i\000n\000t\000e\000r\000f\000a\000c\000c\000i\000a\000\040\000u\000t\000e\000n\000t\000e\000\040\000c\000o\000n\000\040\000S\000t\000a\000t\000e\000c\000h\000a\000r\000t\000s}{section.5.2}% 83
\BOOKMARK [1][-]{section.5.3}{\376\377\000E\000s\000e\000m\000p\000i\000o}{chapter.5}% 84
\BOOKMARK [1][-]{section.5.4}{\376\377\000E\000s\000e\000r\000c\000i\000z\000i}{chapter.5}% 85
\BOOKMARK [0][-]{chapter.6}{\376\377\000L\000e\000z\000i\000o\000n\000e\000\040\0008\000:\000\040\000U\000s\000a\000b\000i\000l\000i\000t\000\340\000\040\000e\000\040\000P\000r\000o\000g\000e\000t\000t\000a\000z\000i\000o\000n\000e\000\040\000C\000e\000n\000t\000r\000a\000t\000a\000\040\000s\000u\000l\000l\000'\000u\000s\000o\000\040\000u\000m\000a\000n\000o}{}% 86
\BOOKMARK [1][-]{section.6.1}{\376\377\000L\000'\000a\000s\000c\000e\000s\000a\000\040\000d\000e\000l\000l\000'\000u\000s\000a\000b\000i\000l\000i\000t\000\340}{chapter.6}% 87
\BOOKMARK [2][-]{subsection.6.1.1}{\376\377\000U\000s\000a\000b\000i\000l\000i\000t\000\340\000\040\000-\000\040\000A\000p\000p\000\040\000p\000e\000r\000\040\000i\000l\000\040\000g\000r\000a\000n\000d\000e\000\040\000p\000u\000b\000b\000l\000i\000c\000o}{section.6.1}% 88
\BOOKMARK [2][-]{subsection.6.1.2}{\376\377\000U\000s\000a\000b\000i\000l\000i\000t\000\340\000\040\000-\000\040\000S\000o\000f\000t\000w\000a\000r\000e\000\040\000p\000r\000o\000f\000e\000s\000s\000i\000o\000n\000a\000l\000e}{section.6.1}% 89
\BOOKMARK [2][-]{subsection.6.1.3}{\376\377\000U\000s\000a\000b\000i\000l\000i\000t\000\340\000\040\000-\000\040\000S\000i\000s\000t\000e\000m\000i\000\040\000c\000r\000i\000t\000i\000c\000i\000\040\000p\000e\000r\000\040\000l\000a\000\040\000v\000i\000t\000a}{section.6.1}% 90
\BOOKMARK [2][-]{subsection.6.1.4}{\376\377\000I\000n\000t\000e\000r\000a\000z\000i\000o\000n\000e\000\040\000U\000o\000m\000o\000-\000m\000a\000c\000c\000h\000i\000n\000a\000\040\000\050\000H\000C\000I\000\051}{section.6.1}% 91
\BOOKMARK [2][-]{subsection.6.1.5}{\376\377\000U\000s\000a\000b\000i\000l\000i\000t\000\340\000\040\000v\000s\000\040\000U\000s\000e\000r\000-\000f\000r\000i\000e\000n\000d\000l\000i\000n\000e\000s\000s}{section.6.1}% 92
\BOOKMARK [1][-]{section.6.2}{\376\377\000D\000e\000f\000i\000n\000i\000z\000i\000o\000n\000e\000\040\000d\000i\000\040\000u\000s\000a\000b\000i\000l\000i\000t\000\340}{chapter.6}% 93
\BOOKMARK [2][-]{subsection.6.2.1}{\376\377\000A\000p\000p\000r\000e\000n\000d\000i\000b\000i\000l\000i\000t\000\340}{section.6.2}% 94
\BOOKMARK [2][-]{subsection.6.2.2}{\376\377\000E\000f\000f\000i\000c\000i\000e\000n\000z\000a\000\040\000d\000'\000u\000s\000o}{section.6.2}% 95
\BOOKMARK [2][-]{subsection.6.2.3}{\376\377\000M\000e\000m\000o\000r\000a\000b\000i\000l\000i\000t\000\340}{section.6.2}% 96
\BOOKMARK [2][-]{subsection.6.2.4}{\376\377\000E\000r\000r\000o\000r\000i}{section.6.2}% 97
\BOOKMARK [2][-]{subsection.6.2.5}{\376\377\000S\000o\000d\000d\000i\000s\000f\000a\000z\000i\000o\000n\000e\000\040\000s\000o\000g\000g\000e\000t\000t\000i\000v\000a}{section.6.2}% 98
\BOOKMARK [2][-]{subsection.6.2.6}{\376\377\000C\000o\000m\000p\000r\000o\000m\000e\000s\000s\000i\000\040\000n\000e\000l\000l\000'\000u\000s\000a\000b\000i\000l\000i\000t\000\340}{section.6.2}% 99
\BOOKMARK [2][-]{subsection.6.2.7}{\376\377\000I\000n\000g\000e\000g\000n\000e\000r\000i\000a\000\040\000d\000e\000l\000l\000'\000u\000s\000a\000b\000i\000l\000i\000t\000\340}{section.6.2}% 100
\BOOKMARK [1][-]{section.6.3}{\376\377\000P\000r\000o\000g\000e\000t\000t\000a\000z\000i\000o\000n\000e\000\040\000C\000e\000n\000t\000r\000a\000t\000a\000\040\000s\000u\000l\000l\000'\000U\000o\000m\000o\000\040\000\050\000H\000C\000D\000\051}{chapter.6}% 101
\BOOKMARK [2][-]{subsection.6.3.1}{\376\377\000P\000r\000i\000n\000c\000i\000p\000i\000\040\000H\000C\000D}{section.6.3}% 102
\BOOKMARK [2][-]{subsection.6.3.2}{\376\377\000H\000C\000D\000:\000\040\000C\000o\000m\000p\000r\000e\000n\000d\000e\000r\000e\000\040\000i\000l\000\040\000C\000o\000n\000t\000e\000s\000t\000o\000\040\000e\000\040\000g\000l\000i\000\040\000U\000t\000e\000n\000t\000i}{section.6.3}% 103
\BOOKMARK [2][-]{subsection.6.3.3}{\376\377\000H\000C\000D\000:\000\040\000P\000r\000o\000g\000e\000t\000t\000a\000r\000e\000\040\000p\000e\000r\000\040\000S\000o\000d\000d\000i\000s\000f\000a\000r\000e\000\040\000i\000\040\000R\000e\000q\000u\000i\000s\000i\000t\000i}{section.6.3}% 104
\BOOKMARK [2][-]{subsection.6.3.4}{\376\377\000H\000C\000D\000:\000\040\000P\000r\000o\000g\000e\000t\000t\000a\000r\000e\000\040\000p\000e\000r\000\040\000S\000o\000d\000d\000i\000s\000f\000a\000r\000e\000\040\000i\000\040\000R\000e\000q\000u\000i\000s\000i\000t\000i}{section.6.3}% 105
\BOOKMARK [2][-]{subsection.6.3.5}{\376\377\000H\000C\000I\000:\000\040\000V\000a\000l\000u\000t\000a\000r\000e\000\040\000l\000a\000\040\000P\000r\000o\000g\000e\000t\000t\000a\000z\000i\000o\000n\000e}{section.6.3}% 106
\BOOKMARK [2][-]{subsection.6.3.6}{\376\377\000P\000r\000o\000g\000e\000t\000t\000a\000z\000i\000o\000n\000e\000\040\000C\000e\000n\000t\000r\000a\000t\000a\000\040\000s\000u\000l\000l\000'\000U\000o\000m\000o\000\040\000e\000\040\000S\000D\000L\000C}{section.6.3}% 107
\BOOKMARK [2][-]{subsection.6.3.7}{\376\377\000A\000n\000c\000o\000r\000a\000\040\000s\000u\000l\000\040\000p\000r\000o\000c\000e\000s\000s\000o\000\040\000d\000i\000\040\000d\000e\000s\000i\000g\000n\000\040\000d\000e\000l\000l\000'\000U\000I}{section.6.3}% 108
\BOOKMARK [1][-]{section.6.4}{\376\377\000D\000e\000s\000i\000g\000n\000\040\000c\000o\000m\000e\000\040\000s\000c\000e\000l\000t\000a}{chapter.6}% 109
\BOOKMARK [2][-]{subsection.6.4.1}{\376\377\000I\000m\000p\000o\000r\000t\000a\000n\000z\000a\000\040\000d\000e\000l\000l\000a\000\040\000c\000r\000i\000t\000i\000c\000a\000\040\000e\000\040\000d\000e\000i\000\040\000f\000e\000e\000d\000b\000a\000c\000k}{section.6.4}% 110
\BOOKMARK [0][-]{chapter.7}{\376\377\000L\000e\000z\000i\000o\000n\000e\000\040\0009\000:\000\040\000S\000o\000f\000t\000w\000a\000r\000e\000\040\000D\000e\000s\000i\000g\000n\000:\000\040\000S\000y\000s\000t\000e\000m\000\040\000D\000e\000s\000i\000g\000n}{}% 111
\BOOKMARK [1][-]{section.7.1}{\376\377\000P\000r\000o\000g\000e\000t\000t\000a\000z\000i\000o\000n\000e\000\040\000d\000i\000\040\000u\000n\000\040\000s\000i\000s\000t\000e\000m\000a}{chapter.7}% 112
\BOOKMARK [2][-]{subsection.7.1.1}{\376\377\000S\000c\000o\000p\000o\000\040\000d\000e\000l\000\040\000S\000y\000s\000t\000e\000m\000\040\000D\000e\000s\000i\000g\000n}{section.7.1}% 113
\BOOKMARK [1][-]{section.7.2}{\376\377\000S\000y\000s\000t\000e\000m\000\040\000D\000e\000s\000i\000g\000n}{chapter.7}% 114
\BOOKMARK [2][-]{subsection.7.2.1}{\376\377\000A\000t\000t\000i\000v\000i\000t\000\340\000\040\000d\000i\000\040\000s\000y\000s\000t\000e\000m\000\040\000d\000e\000s\000i\000g\000n}{section.7.2}% 115
\BOOKMARK [2][-]{subsection.7.2.2}{\376\377\000I\000d\000e\000n\000t\000i\000f\000i\000c\000a\000r\000e\000\040\000g\000l\000i\000\040\000o\000b\000i\000e\000t\000t\000i\000v\000i\000\040\000q\000u\000a\000l\000i\000t\000a\000t\000i\000v\000i\000\040\000d\000e\000l\000\040\000s\000i\000s\000t\000e\000m\000a}{section.7.2}% 116
\BOOKMARK [2][-]{subsection.7.2.3}{\376\377\000C\000r\000i\000t\000e\000r\000i\000\040\000d\000i\000\040\000d\000e\000s\000i\000g\000n}{section.7.2}% 117
\BOOKMARK [2][-]{subsection.7.2.4}{\376\377\000C\000o\000m\000p\000r\000o\000m\000e\000s\000s\000i\000\040\000d\000i\000\040\000d\000e\000s\000i\000g\000n}{section.7.2}% 118
\BOOKMARK [1][-]{section.7.3}{\376\377\000C\000o\000n\000c\000e\000t\000t\000i\000\040\000d\000i\000\040\000b\000a\000s\000e\000\040\000d\000i\000\040\000b\000u\000o\000n\000\040\000d\000e\000s\000i\000g\000n}{chapter.7}% 119
\BOOKMARK [2][-]{subsection.7.3.1}{\376\377\000A\000n\000t\000i\000c\000i\000p\000a\000r\000e}{section.7.3}% 120
\BOOKMARK [2][-]{subsection.7.3.2}{\376\377\000D\000e\000c\000o\000m\000p\000o\000s\000i\000z\000i\000o\000n\000e}{section.7.3}% 121
\BOOKMARK [2][-]{subsection.7.3.3}{\376\377\000M\000o\000d\000e\000l\000l\000a\000z\000i\000o\000n\000e\000\040\000d\000i\000\040\000s\000o\000t\000t\000o\000s\000i\000s\000t\000e\000m\000i}{section.7.3}% 122
\BOOKMARK [2][-]{subsection.7.3.4}{\376\377\000S\000e\000r\000v\000i\000z\000i\000\040\000e\000\040\000i\000n\000t\000e\000r\000f\000a\000c\000c\000e\000\040\000d\000i\000\040\000s\000o\000t\000t\000o\000s\000i\000s\000t\000e\000m\000i}{section.7.3}% 123
\BOOKMARK [2][-]{subsection.7.3.5}{\376\377\000E\000s\000e\000m\000p\000i\000o}{section.7.3}% 124
\BOOKMARK [2][-]{subsection.7.3.6}{\376\377\000O\000s\000s\000e\000r\000v\000a\000z\000i\000o\000n\000i}{section.7.3}% 125
\BOOKMARK [2][-]{subsection.7.3.7}{\376\377\000I\000n\000d\000i\000p\000e\000n\000d\000e\000n\000z\000a\000\040\000f\000u\000n\000z\000i\000o\000n\000a\000l\000e}{section.7.3}% 126
\BOOKMARK [0][-]{chapter.8}{\376\377\000L\000e\000z\000i\000o\000n\000e\000\040\0001\0001\000:\000\040\000R\000e\000g\000o\000l\000e\000\040\000d\000i\000\040\000b\000u\000o\000n\000\040\000S\000o\000f\000t\000w\000a\000r\000e\000\040\000D\000e\000s\000i\000g\000n\000\040\000-\000\040\000L\000a\000\040\000c\000o\000e\000s\000i\000o\000n\000e}{}% 127
\BOOKMARK [1][-]{section.8.1}{\376\377\000C\000o\000e\000s\000i\000o\000n\000e}{chapter.8}% 128
\BOOKMARK [2][-]{subsection.8.1.1}{\376\377\000G\000r\000a\000n\000u\000l\000a\000r\000i\000t\000\340\000\040\000d\000e\000l\000l\000a\000\040\000c\000o\000e\000s\000i\000o\000n\000e}{section.8.1}% 129
\BOOKMARK [2][-]{subsection.8.1.2}{\376\377\000S\000i\000n\000g\000l\000e\000\040\000R\000e\000s\000p\000o\000n\000s\000i\000b\000i\000l\000i\000t\000y\000\040\000P\000r\000i\000n\000c\000i\000p\000l\000e}{section.8.1}% 130
\BOOKMARK [2][-]{subsection.8.1.3}{\376\377\000E\000s\000e\000m\000p\000i\000o}{section.8.1}% 131
\BOOKMARK [2][-]{subsection.8.1.4}{\376\377\000B\000e\000n\000e\000f\000i\000c\000i\000\040\000d\000e\000l\000l\000a\000\040\000c\000o\000e\000s\000i\000o\000n\000e}{section.8.1}% 132
\BOOKMARK [1][-]{section.8.2}{\376\377\000A\000c\000c\000o\000p\000p\000i\000a\000m\000e\000n\000t\000o}{chapter.8}% 133
\BOOKMARK [2][-]{subsection.8.2.1}{\376\377\000B\000a\000s\000s\000o\000\040\000a\000c\000c\000o\000p\000p\000i\000a\000m\000e\000n\000t\000o}{section.8.2}% 134
\BOOKMARK [2][-]{subsection.8.2.2}{\376\377\000T\000i\000p\000i\000\040\000d\000i\000\040\000a\000c\000c\000o\000p\000p\000i\000a\000m\000e\000n\000t\000o\000\040\000i\000n\000\040\000O\000-\000O}{section.8.2}% 135
\BOOKMARK [2][-]{subsection.8.2.3}{\376\377\000E\000s\000e\000m\000p\000i\000o}{section.8.2}% 136
\BOOKMARK [2][-]{subsection.8.2.4}{\376\377\000S\000p\000i\000e\000g\000a\000z\000i\000o\000n\000e\000\040\000d\000e\000l\000l\000'\000e\000s\000e\000m\000p\000i\000o}{section.8.2}% 137
\BOOKMARK [1][-]{section.8.3}{\376\377\000P\000e\000n\000s\000a\000r\000e\000\040\000a\000l\000l\000e\000\040\000i\000n\000t\000e\000r\000f\000a\000c\000c\000e}{chapter.8}% 138
\BOOKMARK [2][-]{subsection.8.3.1}{\376\377\000E\000s\000e\000m\000p\000i\000o\000\040\000d\000i\000\040\000p\000a\000p\000e\000r\000b\000o\000y}{section.8.3}% 139
\BOOKMARK [2][-]{subsection.8.3.2}{\376\377\000P\000r\000o\000b\000l\000e\000m\000i\000\040\000c\000o\000l\000\040\000c\000o\000d\000i\000c\000e}{section.8.3}% 140
\BOOKMARK [2][-]{subsection.8.3.3}{\376\377\000M\000i\000g\000l\000i\000o\000r\000i\000e\000\040\000a\000l\000\040\000c\000o\000d\000i\000c\000e\000\040\000o\000r\000i\000g\000i\000n\000a\000l\000e}{section.8.3}% 141
\BOOKMARK [2][-]{subsection.8.3.4}{\376\377\000P\000e\000r\000c\000h\000\351\000\040\000\350\000\040\000m\000e\000g\000l\000i\000o\000?}{section.8.3}% 142
\BOOKMARK [2][-]{subsection.8.3.5}{\376\377\000Q\000u\000a\000l\000i\000\040\000s\000o\000n\000o\000\040\000g\000l\000i\000\040\000s\000v\000a\000n\000t\000a\000g\000g\000i\000?}{section.8.3}% 143
\BOOKMARK [0][-]{chapter.9}{\376\377\000L\000e\000z\000i\000o\000n\000e\000\040\0001\0002\000:\000\040\000R\000e\000g\000o\000l\000e\000\040\000d\000i\000\040\000b\000u\000o\000n\000\040\000S\000o\000f\000t\000w\000a\000r\000e\000\040\000D\000e\000s\000i\000g\000n\000\040\000-\000\040\000L\000a\000\040\000l\000e\000g\000g\000e\000\040\000d\000i\000\040\000D\000e\000m\000e\000t\000r\000a}{}% 144
\BOOKMARK [1][-]{section.9.1}{\376\377\000L\000a\000\040\000l\000e\000g\000g\000e\000\040\000d\000i\000\040\000D\000e\000m\000e\000t\000r\000a}{chapter.9}% 145
\BOOKMARK [2][-]{subsection.9.1.1}{\376\377\000V\000i\000o\000l\000a\000z\000i\000o\000n\000i\000\040\000a\000l\000l\000a\000\040\000l\000e\000g\000g\000e}{section.9.1}% 146
\BOOKMARK [2][-]{subsection.9.1.2}{\376\377\000E\000l\000i\000m\000i\000n\000a\000r\000e\000\040\000i\000l\000\040\000c\000o\000d\000i\000c\000e\000\040\000d\000i\000\040\000n\000a\000v\000i\000g\000a\000z\000i\000o\000n\000e}{section.9.1}% 147
\BOOKMARK [2][-]{subsection.9.1.3}{\376\377\000D\000e\000s\000i\000g\000n\000\040\000g\000u\000i\000d\000a\000t\000o\000\040\000d\000a\000l\000l\000a\000\040\000r\000e\000s\000p\000o\000n\000s\000a\000b\000i\000l\000i\000t\000\340}{section.9.1}% 148
\BOOKMARK [1][-]{section.9.2}{\376\377\000L\000e\000\040\000c\000a\000r\000t\000e\000\040\000C\000R\000C}{chapter.9}% 149
\BOOKMARK [2][-]{subsection.9.2.1}{\376\377\000C\000o\000n\000s\000e\000g\000u\000e\000n\000z\000e}{section.9.2}% 150
\BOOKMARK [2][-]{subsection.9.2.2}{\376\377\000L\000o\000c\000a\000l\000i\000z\000z\000a\000r\000e\000\040\000l\000e\000\040\000m\000o\000d\000i\000f\000i\000c\000h\000e}{section.9.2}% 151
\BOOKMARK [0][-]{chapter.10}{\376\377\000L\000e\000z\000i\000o\000n\000e\000\040\0001\0000\000:\000\040\000I\000l\000\040\000d\000e\000s\000i\000g\000n\000\040\000d\000e\000l\000l\000e\000\040\000c\000o\000s\000e\000\040\000d\000i\000\040\000t\000u\000t\000t\000i\000\040\000i\000\040\000g\000i\000o\000r\000n\000i\000\040\000e\000\040\000l\000a\000\040\000n\000a\000t\000u\000r\000a\000\040\000d\000e\000l\000l\000e\000\040\000i\000n\000t\000e\000r\000a\000z\000i\000o\000n\000i\000\040\000g\000i\000o\000r\000n\000a\000l\000i\000e\000r\000e}{}% 152
\BOOKMARK [1][-]{section.10.1}{\376\377\000L\000e\000\040\000i\000n\000t\000e\000r\000a\000z\000i\000o\000n\000i}{chapter.10}% 153
\BOOKMARK [2][-]{subsection.10.1.1}{\376\377\000L\000a\000\040\000S\000t\000r\000u\000t\000t\000u\000r\000a\000\040\000d\000e\000l\000l\000'\000A\000z\000i\000o\000n\000e\000:\000\040\000I\000l\000\040\000C\000i\000c\000l\000o\000\040\000d\000i\000\040\000A\000z\000i\000o\000n\000e}{section.10.1}% 154
\BOOKMARK [2][-]{subsection.10.1.2}{\376\377\000F\000a\000s\000i\000\040\000d\000i\000\040\000E\000s\000e\000c\000u\000z\000i\000o\000n\000e}{section.10.1}% 155
\BOOKMARK [2][-]{subsection.10.1.3}{\376\377\000S\000e\000t\000t\000e\000\040\000F\000a\000s\000i\000\040\000d\000e\000l\000l\000'\000A\000z\000i\000o\000n\000e\000:\000\040\000E\000s\000e\000m\000p\000i\000o}{section.10.1}% 156
\BOOKMARK [1][-]{section.10.2}{\376\377\000L\000e\000\040\000S\000e\000t\000t\000e\000\040\000F\000a\000s\000i\000\040\000d\000e\000l\000l\000'\000A\000z\000i\000o\000n\000e\000\040\000d\000i\000\040\000D\000o\000n\000\040\000N\000o\000r\000m\000a\000n}{chapter.10}% 157
\BOOKMARK [2][-]{subsection.10.2.1}{\376\377\000S\000e\000t\000t\000e\000\040\000F\000a\000s\000i\000\040\000d\000e\000l\000l\000'\000A\000z\000i\000o\000n\000e\000:\000\040\000A\000l\000t\000e\000r\000n\000a\000t\000i\000v\000e}{section.10.2}% 158
\BOOKMARK [1][-]{section.10.3}{\376\377\000P\000r\000i\000n\000c\000i\000p\000i\000\040\000d\000i\000\040\000D\000e\000s\000i\000g\000n\000\040\000p\000e\000r\000\040\000a\000i\000u\000t\000a\000r\000e\000\040\000a\000\040\000c\000o\000l\000m\000a\000r\000e\000\040\000i\000\040\000g\000o\000l\000f\000i}{chapter.10}% 159
\BOOKMARK [2][-]{subsection.10.3.1}{\376\377\000A\000f\000f\000o\000r\000d\000a\000n\000c\000e\000s}{section.10.3}% 160
\BOOKMARK [2][-]{subsection.10.3.2}{\376\377\000V\000i\000n\000c\000o\000l\000i}{section.10.3}% 161
\BOOKMARK [2][-]{subsection.10.3.3}{\376\377\000F\000e\000e\000d\000b\000a\000c\000k}{section.10.3}% 162
\BOOKMARK [2][-]{subsection.10.3.4}{\376\377\000C\000o\000e\000r\000e\000n\000z\000a}{section.10.3}% 163
\BOOKMARK [2][-]{subsection.10.3.5}{\376\377\000M\000e\000t\000a\000f\000o\000r\000e}{section.10.3}% 164
\BOOKMARK [2][-]{subsection.10.3.6}{\376\377\000M\000a\000p\000p\000a\000t\000u\000r\000e}{section.10.3}% 165
\BOOKMARK [1][-]{section.10.4}{\376\377\000L\000i\000n\000e\000e\000\040\000G\000u\000i\000d\000a\000\040\000d\000i\000\040\000N\000o\000r\000m\000a\000n\000\040\000p\000e\000r\000\040\000c\000o\000l\000m\000a\000r\000e\000\040\000i\000\040\000g\000o\000l\000f\000i}{chapter.10}% 166
\BOOKMARK [2][-]{subsection.10.4.1}{\376\377\000C\000a\000r\000a\000t\000t\000e\000r\000i\000s\000t\000i\000c\000h\000e\000\040\000d\000i\000\040\000u\000n\000\040\000B\000u\000o\000n\000\040\000D\000e\000s\000i\000g\000n}{section.10.4}% 167
\BOOKMARK [0][-]{chapter.11}{\376\377\000L\000e\000z\000i\000o\000n\000e\000\040\0001\0003\000:\000\040\000M\000o\000d\000e\000l\000l\000i\000\040\000e\000\040\000t\000e\000o\000r\000i\000e\000\040\000i\000n\000\040\000H\000C\000I}{}% 168
\BOOKMARK [1][-]{subsection.11.0.1}{\376\377\000C\000o\000s\000'\000\350\000\040\000u\000n\000\040\000m\000o\000d\000e\000l\000l\000o\000?}{chapter.11}% 169
\BOOKMARK [1][-]{section.11.1}{\376\377\000M\000o\000d\000e\000l\000l\000i\000\040\000e\000\040\000t\000e\000o\000r\000i\000e\000\040\000H\000C\000I}{chapter.11}% 170
\BOOKMARK [2][-]{subsection.11.1.1}{\376\377\000I\000l\000\040\000m\000o\000d\000e\000l\000l\000o\000\040\000a\000\040\000t\000r\000e\000\040\000s\000t\000a\000t\000i\000\040\000d\000e\000l\000l\000'\000i\000n\000p\000u\000t\000\040\000g\000r\000a\000f\000i\000c\000o}{section.11.1}% 171
\BOOKMARK [2][-]{subsection.11.1.2}{\376\377\000I\000l\000\040\000m\000o\000d\000e\000l\000l\000o\000\040\000d\000i\000\040\000G\000u\000i\000a\000r\000d\000\040\000d\000e\000l\000l\000'\000a\000b\000i\000l\000i\000t\000\340\000\040\000b\000i\000m\000a\000n\000u\000a\000l\000e}{section.11.1}% 172
\BOOKMARK [1][-]{section.11.2}{\376\377\000I\000l\000\040\000M\000o\000d\000e\000l\000l\000o\000\040\000d\000e\000l\000\040\000P\000r\000o\000c\000e\000s\000s\000o\000r\000e\000\040\000U\000m\000a\000n\000o\000\040\000\050\000M\000H\000P\000\051}{chapter.11}% 173
\BOOKMARK [2][-]{subsection.11.2.1}{\376\377\000M\000P\000H\000:\000\040\000M\000e\000m\000o\000r\000i\000e}{section.11.2}% 174
\BOOKMARK [2][-]{subsection.11.2.2}{\376\377\000P\000e\000r\000c\000e\000z\000i\000o\000n\000e\000\040\000d\000i\000\040\000s\000t\000i\000m\000o\000l\000i\000\040\000c\000o\000n\000g\000r\000u\000e\000n\000t\000i\000\040\000e\000\040\000i\000n\000c\000o\000n\000g\000r\000u\000e\000n\000t\000i}{section.11.2}% 175
\BOOKMARK [2][-]{subsection.11.2.3}{\376\377\000P\000e\000r\000c\000h\000\351\000\040\000u\000s\000a\000r\000e\000\040\000l\000'\000M\000P\000H\000?}{section.11.2}% 176
\BOOKMARK [2][-]{subsection.11.2.4}{\376\377\000E\000s\000e\000m\000p\000i\000o}{section.11.2}% 177
\BOOKMARK [1][-]{section.11.3}{\376\377\000M\000o\000d\000e\000l\000l\000o\000\040\000G\000O\000M\000S}{chapter.11}% 178
\BOOKMARK [2][-]{subsection.11.3.1}{\376\377\000G\000O\000M\000S\000:\000\040\000E\000s\000e\000m\000p\000i\000o}{section.11.3}% 179
\BOOKMARK [2][-]{subsection.11.3.2}{\376\377\000K\000e\000y\000b\000o\000a\000r\000d\000\040\000L\000e\000v\000e\000l\000\040\000M\000o\000d\000e\000l\000\040\000\050\000K\000L\000M\000\051}{section.11.3}% 180
\BOOKMARK [2][-]{subsection.11.3.3}{\376\377\000E\000s\000e\000m\000p\000i\000o\000\040\000K\000L\000M\000:\000\040\000r\000i\000m\000o\000z\000i\000o\000n\000e\000\040\000d\000i\000\040\000u\000n\000\040\000f\000i\000l\000e}{section.11.3}% 181
\BOOKMARK [1][-]{section.11.4}{\376\377\000L\000a\000\040\000L\000e\000g\000g\000e\000\040\000d\000i\000\040\000P\000o\000t\000e\000n\000z\000a\000\040\000d\000e\000l\000l\000a\000\040\000P\000r\000a\000t\000i\000c\000a}{chapter.11}% 182
\BOOKMARK [1][-]{section.11.5}{\376\377\000L\000e\000g\000g\000e\000\040\000d\000i\000\040\000H\000i\000c\000k}{chapter.11}% 183
\BOOKMARK [2][-]{subsection.11.5.1}{\376\377\000A\000p\000p\000l\000i\000c\000a\000z\000i\000o\000n\000e\000\040\000d\000e\000l\000l\000a\000\040\000L\000e\000g\000g\000e\000\040\000d\000i\000\040\000H\000i\000c\000k}{section.11.5}% 184
\BOOKMARK [1][-]{section.11.6}{\376\377\000L\000e\000g\000g\000e\000\040\000d\000i\000\040\000F\000i\000t\000t\000s}{chapter.11}% 185
\BOOKMARK [2][-]{subsection.11.6.1}{\376\377\000L\000e\000g\000g\000e\000\040\000d\000i\000\040\000F\000i\000t\000t\000s\000\040\040\023\000\040\000I\000n\000d\000i\000c\000e\000\040\000d\000i\000\040\000D\000i\000f\000f\000i\000c\000o\000l\000t\000\340\000\040\000\050\000I\000D\000\051}{section.11.6}% 186
\BOOKMARK [2][-]{subsection.11.6.2}{\376\377\000L\000e\000g\000g\000e\000\040\000d\000i\000\040\000F\000i\000t\000t\000s\000\040\040\023\000\040\000T\000e\000m\000p\000i\000\040\000d\000i\000\040\000M\000o\000v\000i\000m\000e\000n\000t\000o}{section.11.6}% 187
\BOOKMARK [2][-]{subsection.11.6.3}{\376\377\000L\000e\000g\000g\000e\000\040\000d\000i\000\040\000F\000i\000t\000t\000s\000:\000\040\000A\000p\000p\000l\000i\000c\000a\000z\000i\000o\000n\000i}{section.11.6}% 188
\BOOKMARK [1][-]{section.11.7}{\376\377\000L\000e\000t\000t\000u\000r\000e\000\040\000e\000\040\000r\000e\000f\000e\000r\000e\000n\000z\000e}{chapter.11}% 189
\BOOKMARK [0][-]{chapter.12}{\376\377\000L\000e\000z\000i\000o\000n\000e\000\040\0001\0004\000:\000\040\000B\000a\000d\000\040\000S\000m\000e\000l\000l\000\040\000e\000\040\000r\000e\000f\000a\000c\000t\000o\000r\000i\000n\000g}{}% 190
\BOOKMARK [1][-]{section.12.1}{\376\377\000B\000a\000d\000\040\000S\000m\000e\000l\000l\000s}{chapter.12}% 191
\BOOKMARK [2][-]{subsection.12.1.1}{\376\377\000C\000o\000d\000e\000\040\000S\000m\000e\000l\000l\000s\000\040\000e\000\040\000R\000e\000f\000a\000c\000t\000o\000r\000i\000n\000g}{section.12.1}% 192
\BOOKMARK [2][-]{subsection.12.1.2}{\376\377\000T\000i\000p\000i\000\040\000d\000i\000\040\000B\000a\000d\000\040\000S\000m\000e\000l\000l\000s\000:\000\040\000B\000l\000o\000a\000t\000e\000r\000s}{section.12.1}% 193
\BOOKMARK [2][-]{subsection.12.1.3}{\376\377\000T\000i\000p\000i\000\040\000d\000i\000\040\000B\000a\000d\000\040\000S\000m\000e\000l\000l\000s\000:\000\040\000A\000b\000u\000s\000a\000t\000o\000r\000i\000\040\000d\000e\000l\000l\000a\000\040\000P\000r\000o\000g\000r\000a\000m\000m\000a\000z\000i\000o\000n\000e\000\040\000O\000r\000i\000e\000n\000t\000a\000t\000a\000\040\000a\000g\000l\000i\000\040\000O\000g\000g\000e\000t\000t\000i}{section.12.1}% 194
\BOOKMARK [2][-]{subsection.12.1.4}{\376\377\000T\000i\000p\000i\000\040\000d\000i\000\040\000B\000a\000d\000\040\000S\000m\000e\000l\000l\000s\000:\000\040\000I\000m\000p\000e\000d\000i\000m\000e\000n\000t\000i\000\040\000a\000l\000\040\000C\000a\000m\000b\000i\000a\000m\000e\000n\000t\000o}{section.12.1}% 195
\BOOKMARK [2][-]{subsection.12.1.5}{\376\377\000T\000i\000p\000i\000\040\000d\000i\000\040\000B\000a\000d\000\040\000S\000m\000e\000l\000l\000s\000:\000\040\000S\000u\000p\000e\000r\000f\000l\000u\000i}{section.12.1}% 196
\BOOKMARK [2][-]{subsection.12.1.6}{\376\377\000T\000i\000p\000i\000\040\000d\000i\000\040\000B\000a\000d\000\040\000S\000m\000e\000l\000l\000s\000:\000\040\000A\000c\000c\000o\000p\000p\000i\000a\000t\000o\000r\000i}{section.12.1}% 197
\BOOKMARK [1][-]{section.12.2}{\376\377\000B\000a\000d\000\040\000S\000m\000e\000l\000l\000s\000\040\000e\000\040\000i\000l\000\040\000c\000o\000n\000c\000e\000t\000t\000o\000\040\000d\000i\000\040\000D\000e\000b\000i\000t\000o\000\040\000T\000e\000c\000n\000i\000c\000o}{chapter.12}% 198
\BOOKMARK [2][-]{subsection.12.2.1}{\376\377\000D\000e\000b\000i\000t\000o\000\040\000T\000e\000c\000n\000i\000c\000o}{section.12.2}% 199
\BOOKMARK [2][-]{subsection.12.2.2}{\376\377\000D\000e\000b\000i\000t\000o\000\040\000S\000t\000r\000a\000t\000e\000g\000i\000c\000o\000,\000\040\000I\000n\000t\000e\000n\000z\000i\000o\000n\000a\000l\000e}{section.12.2}% 200
\BOOKMARK [2][-]{subsection.12.2.3}{\376\377\000D\000e\000b\000i\000t\000o\000\040\000N\000o\000n\000-\000S\000t\000r\000a\000t\000e\000g\000i\000c\000o\000,\000\040\000N\000o\000n\000\040\000I\000n\000t\000e\000n\000z\000i\000o\000n\000a\000l\000e}{section.12.2}% 201
\BOOKMARK [2][-]{subsection.12.2.4}{\376\377\000C\000o\000n\000s\000e\000g\000u\000e\000n\000z\000e\000\040\000d\000e\000l\000\040\000D\000e\000b\000i\000t\000o}{section.12.2}% 202
\BOOKMARK [2][-]{subsection.12.2.5}{\376\377\000M\000i\000s\000u\000r\000a\000r\000e\000\040\000i\000l\000\040\000D\000e\000b\000i\000t\000o\000\040\000T\000e\000c\000n\000i\000c\000o}{section.12.2}% 203
\BOOKMARK [1][-]{section.12.3}{\376\377\000C\000o\000r\000r\000e\000g\000g\000e\000r\000e\000\040\000i\000\040\000B\000a\000d\000\040\000S\000m\000e\000l\000l\000s\000\040\000c\000o\000n\000\040\000i\000l\000\040\000R\000e\000f\000a\000c\000t\000o\000r\000i\000n\000g}{chapter.12}% 204
\BOOKMARK [2][-]{subsection.12.3.1}{\376\377\000R\000e\000f\000a\000c\000t\000o\000r\000i\000n\000g}{section.12.3}% 205
\BOOKMARK [2][-]{subsection.12.3.2}{\376\377\000I\000l\000\040\000C\000i\000c\000l\000o\000\040\000d\000i\000\040\000R\000e\000f\000a\000c\000t\000o\000r\000i\000n\000g}{section.12.3}% 206
\BOOKMARK [2][-]{subsection.12.3.3}{\376\377\000R\000e\000f\000a\000c\000t\000o\000r\000i\000n\000g\000\040\000e\000\040\000T\000e\000s\000t\000\040\000U\000n\000i\000t\000a\000r\000i}{section.12.3}% 207
\BOOKMARK [2][-]{subsection.12.3.4}{\376\377\000P\000e\000r\000c\000h\000\351\000\040\000D\000o\000v\000r\000e\000s\000t\000i\000\040\000F\000a\000r\000e\000\040\000R\000e\000f\000a\000c\000t\000o\000r\000i\000n\000g\000?}{section.12.3}% 208
\BOOKMARK [1][-]{section.12.4}{\376\377\000R\000e\000f\000a\000c\000t\000o\000r\000i\000n\000g\000\040\000t\000i\000p\000i\000c\000i}{chapter.12}% 209
\BOOKMARK [2][-]{subsection.12.4.1}{\376\377\000R\000e\000f\000e\000r\000e\000n\000z\000e}{section.12.4}% 210
\BOOKMARK [2][-]{subsection.12.4.2}{\376\377\000C\000o\000d\000i\000c\000e\000\040\000D\000u\000p\000l\000i\000c\000a\000t\000o}{section.12.4}% 211
\BOOKMARK [2][-]{subsection.12.4.3}{\376\377\000M\000e\000t\000o\000d\000o\000\040\000L\000u\000n\000g\000o}{section.12.4}% 212
\BOOKMARK [2][-]{subsection.12.4.4}{\376\377\000C\000l\000a\000s\000s\000e\000\040\000G\000r\000a\000n\000d\000e}{section.12.4}% 213
\BOOKMARK [2][-]{subsection.12.4.5}{\376\377\000L\000i\000s\000t\000a\000\040\000P\000a\000r\000a\000m\000e\000t\000r\000i\000\040\000L\000u\000n\000g\000a}{section.12.4}% 214
\BOOKMARK [2][-]{subsection.12.4.6}{\376\377\000C\000a\000m\000b\000i\000a\000m\000e\000n\000t\000o\000\040\000D\000i\000v\000e\000r\000g\000e\000n\000t\000e}{section.12.4}% 215
\BOOKMARK [2][-]{subsection.12.4.7}{\376\377\000C\000h\000i\000r\000u\000r\000g\000i\000a\000\040\000c\000o\000n\000\040\000F\000u\000c\000i\000l\000e\000\040\000a\000\040\000P\000o\000m\000p\000a}{section.12.4}% 216
\BOOKMARK [2][-]{subsection.12.4.8}{\376\377\000I\000n\000v\000i\000d\000i\000a\000\040\000d\000e\000l\000l\000e\000\040\000C\000a\000r\000a\000t\000t\000e\000r\000i\000s\000t\000i\000c\000h\000e}{section.12.4}% 217
\BOOKMARK [2][-]{subsection.12.4.9}{\376\377\000G\000r\000u\000m\000i\000\040\000d\000i\000\040\000D\000a\000t\000i}{section.12.4}% 218
\BOOKMARK [2][-]{subsection.12.4.10}{\376\377\000O\000s\000s\000e\000s\000s\000i\000o\000n\000e\000\040\000P\000r\000i\000m\000i\000t\000i\000v\000a}{section.12.4}% 219
\BOOKMARK [2][-]{subsection.12.4.11}{\376\377\000T\000e\000s\000t\000\040\000d\000i\000\040\000T\000i\000p\000o}{section.12.4}% 220
\BOOKMARK [2][-]{subsection.12.4.12}{\376\377\000G\000e\000r\000a\000r\000c\000h\000i\000e\000\040\000d\000i\000\040\000E\000r\000e\000d\000i\000t\000\340\000\040\000P\000a\000r\000a\000l\000l\000e\000l\000e}{section.12.4}% 221
\BOOKMARK [2][-]{subsection.12.4.13}{\376\377\000C\000l\000a\000s\000s\000e\000\040\000P\000i\000g\000r\000a}{section.12.4}% 222
\BOOKMARK [2][-]{subsection.12.4.14}{\376\377\000G\000e\000n\000e\000r\000a\000l\000i\000t\000\340\000\040\000S\000p\000e\000c\000u\000l\000a\000t\000i\000v\000a}{section.12.4}% 223
\BOOKMARK [2][-]{subsection.12.4.15}{\376\377\000C\000a\000m\000p\000o\000\040\000T\000e\000m\000p\000o\000r\000a\000n\000e\000o}{section.12.4}% 224
\BOOKMARK [2][-]{subsection.12.4.16}{\376\377\000C\000a\000t\000e\000n\000e\000\040\000d\000i\000\040\000M\000e\000s\000s\000a\000g\000g\000i}{section.12.4}% 225
\BOOKMARK [2][-]{subsection.12.4.17}{\376\377\000M\000i\000d\000d\000l\000e\000\040\000M\000a\000n}{section.12.4}% 226
\BOOKMARK [2][-]{subsection.12.4.18}{\376\377\000E\000s\000e\000m\000p\000i\000o\000\040\000d\000i\000\040\000M\000i\000d\000d\000l\000e\000\040\000M\000a\000n}{section.12.4}% 227
\BOOKMARK [1][-]{section.12.5}{\376\377\000E\000s\000e\000r\000c\000i\000z\000i}{chapter.12}% 228
\BOOKMARK [0][-]{chapter.13}{\376\377\000L\000e\000z\000i\000o\000n\000e\000\040\0001\0005\000:\000\040\000T\000e\000o\000r\000i\000a\000\040\000d\000e\000i\000\040\000c\000o\000l\000o\000r\000i\000,\000\040\000t\000i\000p\000o\000g\000r\000a\000f\000i\000a\000\040\000e\000\040\000p\000s\000i\000c\000o\000l\000o\000g\000i\000a\000\040\000d\000i\000\040\000G\000e\000s\000t\000a\000l\000t}{}% 229
\BOOKMARK [1][-]{section.13.1}{\376\377\000P\000e\000r\000c\000e\000z\000i\000o\000n\000e\000\040\000d\000e\000l\000\040\000c\000o\000l\000o\000r\000e\000\040\000t\000r\000a\000m\000i\000t\000e\000\040\000i\000\040\000c\000o\000n\000i}{chapter.13}% 230
\BOOKMARK [1][-]{section.13.2}{\376\377\000M\000o\000d\000e\000l\000l\000i\000\040\000d\000i\000\040\000c\000o\000l\000o\000r\000e}{chapter.13}% 231
\BOOKMARK [2][-]{subsection.13.2.1}{\376\377\000M\000o\000d\000e\000l\000l\000o\000\040\000d\000i\000\040\000c\000o\000l\000o\000r\000e\000\040\000C\000M\000Y\000K}{section.13.2}% 232
\BOOKMARK [2][-]{subsection.13.2.2}{\376\377\000M\000o\000d\000e\000l\000l\000o\000\040\000d\000i\000\040\000c\000o\000l\000o\000r\000e\000\040\000R\000G\000B}{section.13.2}% 233
\BOOKMARK [1][-]{section.13.3}{\376\377\000D\000i\000m\000e\000n\000s\000i\000o\000n\000i\000\040\000p\000e\000r\000c\000e\000t\000t\000i\000v\000e\000\040\000d\000e\000l\000\040\000c\000o\000l\000o\000r\000e}{chapter.13}% 234
\BOOKMARK [2][-]{subsection.13.3.1}{\376\377\000H\000u\000e}{section.13.3}% 235
\BOOKMARK [2][-]{subsection.13.3.2}{\376\377\000S\000a\000t\000u\000r\000a\000z\000i\000o\000n\000e}{section.13.3}% 236
\BOOKMARK [2][-]{subsection.13.3.3}{\376\377\000L\000u\000m\000i\000n\000o\000s\000i\000t\000\340}{section.13.3}% 237
\BOOKMARK [2][-]{subsection.13.3.4}{\376\377\000R\000a\000p\000p\000r\000e\000s\000e\000n\000t\000a\000z\000i\000o\000n\000e\000\040\000H\000S\000L}{section.13.3}% 238
\BOOKMARK [2][-]{subsection.13.3.5}{\376\377\000T\000i\000n\000t\000e\000,\000\040\000s\000f\000u\000m\000a\000t\000u\000r\000e\000\040\000e\000\040\000t\000o\000n\000i}{section.13.3}% 239
\BOOKMARK [1][-]{section.13.4}{\376\377\000U\000s\000o\000\040\000d\000e\000i\000\040\000c\000o\000l\000o\000r\000i\000\040\000n\000e\000l\000\040\000d\000e\000s\000i\000g\000n\000\040\000d\000e\000l\000l\000e\000\040\000i\000n\000t\000e\000r\000f\000a\000c\000c\000e}{chapter.13}% 240
\BOOKMARK [2][-]{subsection.13.4.1}{\376\377\000T\000e\000o\000r\000i\000a\000\040\000d\000e\000l\000\040\000c\000o\000l\000o\000r\000e}{section.13.4}% 241
\BOOKMARK [2][-]{subsection.13.4.2}{\376\377\000A\000r\000m\000o\000n\000i\000e\000\040\000m\000o\000n\000o\000c\000r\000o\000m\000a\000t\000i\000c\000h\000e}{section.13.4}% 242
\BOOKMARK [2][-]{subsection.13.4.3}{\376\377\000A\000r\000m\000o\000n\000i\000e\000\040\000a\000n\000a\000l\000o\000g\000h\000e}{section.13.4}% 243
\BOOKMARK [2][-]{subsection.13.4.4}{\376\377\000A\000r\000m\000o\000n\000i\000e\000\040\000c\000o\000m\000p\000l\000e\000m\000e\000n\000t\000a\000r\000i}{section.13.4}% 244
\BOOKMARK [2][-]{subsection.13.4.5}{\376\377\000A\000r\000m\000o\000n\000i\000e\000\040\000c\000o\000m\000p\000l\000e\000m\000e\000n\000t\000a\000r\000i\000\040\000s\000u\000d\000d\000i\000v\000i\000s\000e}{section.13.4}% 245
\BOOKMARK [2][-]{subsection.13.4.6}{\376\377\000A\000r\000m\000o\000n\000i\000e\000\040\000t\000r\000i\000a\000d\000i\000c\000h\000e}{section.13.4}% 246
\BOOKMARK [2][-]{subsection.13.4.7}{\376\377\000R\000i\000f\000e\000r\000i\000m\000e\000n\000t\000i\000:\000\040\000A\000r\000m\000o\000n\000i\000e\000\040\000c\000r\000o\000m\000a\000t\000i\000c\000h\000e}{section.13.4}% 247
\BOOKMARK [2][-]{subsection.13.4.8}{\376\377\000P\000s\000i\000c\000o\000l\000o\000g\000i\000a\000\040\000d\000e\000l\000\040\000c\000o\000l\000o\000r\000e}{section.13.4}% 248
\BOOKMARK [1][-]{section.13.5}{\376\377\000T\000i\000p\000o\000g\000r\000a\000f\000i\000a}{chapter.13}% 249
\BOOKMARK [2][-]{subsection.13.5.1}{\376\377\000L\040\031\000i\000p\000o\000t\000e\000s\000i\000\040\000d\000e\000i\000\040\000s\000e\000r\000i\000f}{section.13.5}% 250
\BOOKMARK [2][-]{subsection.13.5.2}{\376\377\000I\000m\000p\000a\000t\000t\000o\000\040\000d\000e\000l\000l\000a\000\040\000t\000i\000p\000o\000g\000r\000a\000f\000i\000a\000\040\000n\000e\000l\000l\000e\000\040\000U\000I}{section.13.5}% 251
\BOOKMARK [2][-]{subsection.13.5.3}{\376\377\000E\000f\000f\000e\000t\000t\000o\000\040\000d\000i\000\040\000s\000u\000p\000e\000r\000i\000o\000r\000i\000t\000\340\000\040\000d\000e\000l\000l\000a\000\040\000p\000a\000r\000o\000l\000a}{section.13.5}% 252
\BOOKMARK [1][-]{section.13.6}{\376\377\000T\000e\000o\000r\000i\000a\000\040\000d\000e\000l\000l\000a\000\040\000p\000e\000r\000c\000e\000z\000i\000o\000n\000e\000\040\000G\000e\000s\000t\000a\000l\000t}{chapter.13}% 253
\BOOKMARK [2][-]{subsection.13.6.1}{\376\377\000P\000s\000i\000c\000o\000l\000o\000g\000i\000a\000\040\000d\000e\000l\000l\000a\000\040\000G\000e\000s\000t\000a\000l\000t}{section.13.6}% 254
\BOOKMARK [1][-]{section.13.7}{\376\377\000P\000r\000i\000n\000c\000i\000p\000i\000\040\000d\000e\000l\000l\000a\000\040\000G\000e\000s\000t\000a\000l\000t}{chapter.13}% 255
\BOOKMARK [2][-]{subsection.13.7.1}{\376\377\000S\000o\000m\000i\000g\000l\000i\000a\000n\000z\000a}{section.13.7}% 256
\BOOKMARK [2][-]{subsection.13.7.2}{\376\377\000S\000o\000m\000i\000g\000l\000i\000a\000n\000z\000a\000\040\000n\000e\000l\000l\000e\000\040\000U\000I}{section.13.7}% 257
\BOOKMARK [2][-]{subsection.13.7.3}{\376\377\000P\000r\000o\000s\000s\000i\000m\000i\000t\000\340}{section.13.7}% 258
\BOOKMARK [2][-]{subsection.13.7.4}{\376\377\000P\000r\000o\000s\000s\000i\000m\000i\000t\000\340\000:\000\040\000m\000o\000d\000u\000l\000i}{section.13.7}% 259
\BOOKMARK [2][-]{subsection.13.7.5}{\376\377\000P\000r\000o\000s\000s\000i\000m\000i\000t\000\340\000:\000\040\000p\000o\000s\000i\000z\000i\000o\000n\000a\000m\000e\000n\000t\000o\000\040\000d\000e\000l\000l\000e\000\040\000e\000t\000i\000c\000h\000e\000t\000t\000e\000\040\000n\000e\000i\000\040\000m\000o\000d\000u\000l\000i}{section.13.7}% 260
\BOOKMARK [2][-]{subsection.13.7.6}{\376\377\000P\000r\000o\000x\000i\000m\000i\000t\000y\000\040\000c\000a\000n\000\040\000b\000a\000c\000k\000f\000i\000r\000e\000:\000\040\000e\000x\000a\000m\000p\000l\000e\000\040}{section.13.7}% 261
\BOOKMARK [2][-]{subsection.13.7.7}{\376\377\000P\000r\000i\000n\000c\000i\000p\000l\000e\000\040\000o\000f\000\040\000C\000o\000n\000n\000e\000c\000t\000e\000d\000n\000e\000s\000s}{section.13.7}% 262
\BOOKMARK [2][-]{subsection.13.7.8}{\376\377\000P\000r\000i\000n\000c\000i\000p\000l\000e\000\040\000o\000f\000\040\000C\000o\000m\000m\000o\000n\000\040\000R\000e\000g\000i\000o\000n}{section.13.7}% 263
\BOOKMARK [2][-]{subsection.13.7.9}{\376\377\000P\000r\000i\000n\000c\000i\000p\000l\000e\000\040\000o\000f\000\040\000C\000o\000m\000m\000o\000n\000\040\000R\000e\000g\000i\000o\000n\000:\000\040\000e\000x\000a\000m\000p\000l\000e\000s}{section.13.7}% 264
\BOOKMARK [1][-]{section.13.8}{\376\377\000V\000i\000s\000u\000a\000l\000\040\000H\000i\000e\000r\000a\000r\000c\000h\000y\000\040\000i\000n\000\040\000U\000I\000\040\000D\000e\000s\000i\000g\000n\000\040}{chapter.13}% 265
\BOOKMARK [2][-]{subsection.13.8.1}{\376\377\000C\000r\000e\000a\000t\000i\000n\000g\000\040\000a\000\040\000V\000i\000s\000u\000a\000l\000\040\000H\000i\000e\000r\000a\000r\000c\000h\000y}{section.13.8}% 266
\BOOKMARK [2][-]{subsection.13.8.2}{\376\377\000S\000c\000a\000l\000a}{section.13.8}% 267
\BOOKMARK [2][-]{subsection.13.8.3}{\376\377\000C\000o\000l\000o\000r\000e\000/\000C\000o\000n\000t\000r\000a\000s\000t\000o}{section.13.8}% 268
\BOOKMARK [2][-]{subsection.13.8.4}{\376\377\000R\000a\000g\000g\000r\000u\000p\000p\000a\000m\000e\000n\000t\000o}{section.13.8}% 269
\BOOKMARK [0][-]{chapter.14}{\376\377\000L\000e\000z\000i\000o\000n\000e\000\040\0001\0007\000:\000\040\000L\000i\000n\000e\000e\000\040\000g\000u\000i\000d\000a\000\040\000e\000\040\000p\000r\000i\000n\000c\000i\000p\000i\000\040\000n\000e\000l\000l\000'\000I\000n\000t\000e\000r\000a\000z\000i\000o\000n\000e\000\040\000U\000o\000m\000o\000-\000M\000a\000c\000c\000h\000i\000n\000a}{}% 270
\BOOKMARK [1][-]{section.14.1}{\376\377\000L\000i\000n\000e\000e\000\040\000g\000u\000i\000d\000a\000\040\000e\000\040\000p\000r\000i\000n\000c\000i\000p\000i\000\040\000n\000e\000l\000l\000'\000H\000C\000I}{chapter.14}% 271
\BOOKMARK [1][-]{section.14.2}{\376\377\000L\000e\000\040\000o\000t\000t\000o\000\040\000r\000e\000g\000o\000l\000e\000\040\000d\000'\000o\000r\000o\000\040\000d\000i\000\040\000S\000h\000n\000e\000i\000d\000e\000r\000m\000a\000n}{chapter.14}% 272
\BOOKMARK [2][-]{subsection.14.2.1}{\376\377\000L\000e\000\040\000d\000i\000e\000c\000i\000\040\000e\000u\000r\000i\000s\000t\000i\000c\000h\000e\000\040\000d\000i\000\040\000u\000s\000a\000b\000i\000l\000i\000t\000\340\000\040\000N\000i\000e\000l\000s\000e\000n\000-\000M\000o\000l\000i\000c\000h}{section.14.2}% 273
\BOOKMARK [2][-]{subsection.14.2.2}{\376\377\000D\000i\000a\000l\000o\000g\000o\000\040\000s\000e\000m\000p\000l\000i\000c\000e\000\040\000e\000\040\000n\000a\000t\000u\000r\000a\000l\000e}{section.14.2}% 274
\BOOKMARK [1][-]{section.14.3}{\376\377\000P\000a\000r\000l\000a\000\040\000l\000a\000\040\000l\000i\000n\000g\000u\000a\000\040\000d\000e\000l\000l\000'\000u\000t\000e\000n\000t\000e}{chapter.14}% 275
\BOOKMARK [2][-]{subsection.14.3.1}{\376\377\000M\000i\000n\000i\000m\000i\000z\000z\000a\000\040\000i\000l\000\040\000c\000a\000r\000i\000c\000o\000\040\000d\000i\000\040\000m\000e\000m\000o\000r\000i\000a\000\040\000d\000e\000l\000l\000'\000u\000t\000e\000n\000t\000e}{section.14.3}% 276
\BOOKMARK [2][-]{subsection.14.3.2}{\376\377\000M\000i\000n\000i\000m\000i\000z\000z\000a\000\040\000i\000l\000\040\000c\000a\000r\000i\000c\000o\000\040\000d\000i\000\040\000m\000e\000m\000o\000r\000i\000a\000\040\000d\000e\000l\000l\000'\000u\000t\000e\000n\000t\000e\000:\000\040\000e\000s\000e\000m\000p\000i}{section.14.3}% 277
\BOOKMARK [2][-]{subsection.14.3.3}{\376\377\000C\000o\000e\000r\000e\000n\000z\000a}{section.14.3}% 278
\BOOKMARK [2][-]{subsection.14.3.4}{\376\377\000C\000o\000e\000r\000e\000n\000z\000a\000\040\000i\000n\000t\000e\000r\000n\000a\000:\000\040\000e\000s\000e\000m\000p\000i}{section.14.3}% 279
\BOOKMARK [2][-]{subsection.14.3.5}{\376\377\000C\000o\000e\000r\000e\000n\000z\000a\000\040\000e\000s\000t\000e\000r\000n\000a}{section.14.3}% 280
\BOOKMARK [1][-]{section.14.4}{\376\377\000F\000e\000e\000d\000b\000a\000c\000k}{chapter.14}% 281
\BOOKMARK [2][-]{subsection.14.4.1}{\376\377\000P\000e\000r\000s\000i\000s\000t\000e\000n\000z\000a\000\040\000d\000e\000l\000\040\000f\000e\000e\000d\000b\000a\000c\000k}{section.14.4}% 282
\BOOKMARK [2][-]{subsection.14.4.2}{\376\377\000F\000e\000e\000d\000b\000a\000c\000k\000\040\000e\000\040\000t\000e\000m\000p\000i\000\040\000d\000i\000\040\000r\000i\000s\000p\000o\000s\000t\000a\000\040\000d\000e\000l\000\040\000s\000i\000s\000t\000e\000m\000a}{section.14.4}% 283
\BOOKMARK [2][-]{subsection.14.4.3}{\376\377\000L\000a\000b\000o\000r\000\040\000P\000e\000r\000c\000e\000p\000t\000i\000o\000n\000\040\000B\000i\000a\000s}{section.14.4}% 284
\BOOKMARK [2][-]{subsection.14.4.4}{\376\377\000U\000s\000c\000i\000t\000e\000\040\000c\000h\000i\000a\000r\000a\000m\000e\000n\000t\000e\000\040\000i\000n\000d\000i\000c\000a\000t\000e\000\040\000e\000\040\000r\000e\000v\000e\000r\000s\000i\000b\000i\000l\000i\000t\000\340\000\040\000d\000e\000l\000l\000e\000\040\000a\000z\000i\000o\000n\000i}{section.14.4}% 285
\BOOKMARK [2][-]{subsection.14.4.5}{\376\377\000S\000c\000o\000r\000c\000i\000a\000t\000o\000i\000e}{section.14.4}% 286
\BOOKMARK [2][-]{subsection.14.4.6}{\376\377\000L\000i\000n\000e\000e\000\040\000g\000u\000i\000d\000a\000\040\000s\000u\000l\000l\000e\000\040\000s\000c\000o\000r\000c\000i\000a\000t\000o\000i\000e}{section.14.4}% 287
\BOOKMARK [1][-]{section.14.5}{\376\377\000M\000e\000s\000s\000a\000g\000g\000i\000\040\000d\000i\000\040\000e\000r\000r\000o\000r\000e}{chapter.14}% 288
\BOOKMARK [2][-]{subsection.14.5.1}{\376\377\000B\000u\000o\000n\000i\000\040\000m\000e\000s\000s\000a\000g\000g\000i\000\040\000d\000i\000\040\000e\000r\000r\000o\000r\000e}{section.14.5}% 289
\BOOKMARK [2][-]{subsection.14.5.2}{\376\377\000B\000u\000o\000n\000i\000\040\000m\000e\000s\000s\000a\000g\000g\000i\000\040\000d\000i\000\040\000e\000r\000r\000o\000r\000e\000:\000\040\000s\000i\000i\000\040\000c\000o\000r\000t\000e\000s\000e}{section.14.5}% 290
\BOOKMARK [2][-]{subsection.14.5.3}{\376\377\000B\000u\000o\000n\000i\000\040\000m\000e\000s\000s\000a\000g\000g\000i\000\040\000d\000i\000\040\000e\000r\000r\000o\000r\000e\000:\000\040\000l\000i\000v\000e\000l\000l\000i\000\040\000m\000u\000l\000t\000i\000p\000l\000i}{section.14.5}% 291
\BOOKMARK [2][-]{subsection.14.5.4}{\376\377\000P\000r\000e\000v\000e\000n\000i\000r\000e\000\040\000g\000l\000i\000\040\000e\000r\000r\000o\000r\000i}{section.14.5}% 292
\BOOKMARK [1][-]{section.14.6}{\376\377\000T\000i\000p\000i\000\040\000d\000i\000\040\000e\000r\000r\000o\000r\000i}{chapter.14}% 293
\BOOKMARK [2][-]{subsection.14.6.1}{\376\377\000T\000i\000p\000i\000\040\000d\000i\000\040\000e\000r\000r\000o\000r\000i\000:\000\040\000S\000l\000i\000p\000s}{section.14.6}% 294
\BOOKMARK [2][-]{subsection.14.6.2}{\376\377\000T\000i\000p\000i\000\040\000d\000i\000\040\000e\000r\000r\000o\000r\000i\000:\000\040\000M\000i\000s\000t\000a\000k\000e\000s}{section.14.6}% 295
\BOOKMARK [2][-]{subsection.14.6.3}{\376\377\000A\000i\000u\000t\000o\000\040\000e\000\040\000d\000o\000c\000u\000m\000e\000n\000t\000a\000z\000i\000o\000n\000e}{section.14.6}% 296
\BOOKMARK [2][-]{subsection.14.6.4}{\376\377\000L\000a\000\040\000v\000e\000r\000i\000t\000\340\000\040\000f\000o\000n\000d\000a\000m\000e\000n\000t\000a\000l\000e\000\040\000s\000u\000i\000\040\000m\000a\000n\000u\000a\000l\000i\000\040\000u\000t\000e\000n\000t\000e}{section.14.6}% 297
\BOOKMARK [2][-]{subsection.14.6.5}{\376\377\000P\000u\000n\000t\000a\000r\000e\000\040\000a\000l\000l\000'\000u\000s\000a\000b\000i\000l\000i\000t\000\340\000\040\000u\000n\000i\000v\000e\000r\000s\000a\000l\000e}{section.14.6}% 298
\BOOKMARK [2][-]{subsection.14.6.6}{\376\377\000P\000r\000o\000g\000e\000t\000t\000a\000r\000e\000\040\000d\000i\000a\000l\000o\000g\000h\000i\000\040\000c\000h\000e\000\040\000p\000o\000r\000t\000i\000n\000o\000\040\000a\000\040\000u\000n\000a\000\040\000c\000o\000n\000c\000l\000u\000s\000i\000o\000n\000e}{section.14.6}% 299
\BOOKMARK [1][-]{section.14.7}{\376\377\000L\000e\000t\000t\000u\000r\000e\000\040\000e\000\040\000r\000i\000f\000e\000r\000i\000m\000e\000n\000t\000i}{chapter.14}% 300
\BOOKMARK [0][-]{chapter.15}{\376\377\000L\000e\000z\000i\000o\000n\000e\000\040\0002\0000\000:\000\040\000S\000o\000f\000t\000w\000a\000r\000e\000\040\000D\000e\000s\000i\000g\000n\000:\000\040\000A\000r\000c\000h\000i\000t\000e\000t\000t\000u\000r\000e\000\040\000S\000o\000f\000t\000w\000a\000r\000e}{}% 301
\BOOKMARK [1][-]{section.15.1}{\376\377\000A\000r\000c\000h\000i\000t\000e\000t\000t\000u\000r\000e}{chapter.15}% 302
\BOOKMARK [2][-]{subsection.15.1.1}{\376\377\000D\000e\000f\000i\000n\000i\000z\000i\000o\000n\000e\000\040\000d\000e\000l\000l\000'\000a\000r\000c\000h\000i\000t\000e\000t\000t\000u\000r\000a}{section.15.1}% 303
\BOOKMARK [1][-]{section.15.2}{\376\377\000I\000d\000e\000n\000t\000i\000f\000i\000c\000a\000z\000i\000o\000n\000e\000\040\000d\000i\000\040\000s\000o\000t\000t\000o\000s\000i\000s\000t\000e\000m\000i}{chapter.15}% 304
\BOOKMARK [2][-]{subsection.15.2.1}{\376\377\000D\000e\000s\000i\000g\000n\000\040\000P\000r\000i\000n\000c\000i\000p\000l\000e\000:\000\040\000D\000i\000v\000i\000d\000e\000\040\000a\000n\000d\000\040\000c\000o\000n\000q\000u\000e\000r}{section.15.2}% 305
\BOOKMARK [2][-]{subsection.15.2.2}{\376\377\000W\000a\000y\000s\000\040\000o\000f\000\040\000d\000i\000v\000i\000d\000i\000n\000g\000\040\000a\000\040\000s\000o\000f\000t\000w\000a\000r\000e\000\040\000s\000y\000s\000t\000e\000m}{section.15.2}% 306
\BOOKMARK [2][-]{subsection.15.2.3}{\376\377\000L\000a\000y\000e\000r}{section.15.2}% 307
\BOOKMARK [2][-]{subsection.15.2.4}{\376\377\000M\000a\000c\000c\000h\000i\000n\000a\000\040\000V\000i\000r\000t\000u\000a\000l\000e\000\040\000\050\000D\000i\000j\000k\000s\000t\000r\000a\000\051}{section.15.2}% 308
\BOOKMARK [2][-]{subsection.15.2.5}{\376\377\000A\000r\000c\000h\000i\000t\000e\000t\000t\000u\000r\000a\000\040\000C\000h\000i\000u\000s\000a}{section.15.2}% 309
\BOOKMARK [2][-]{subsection.15.2.6}{\376\377\000A\000r\000c\000h\000i\000t\000e\000t\000t\000u\000r\000a\000\040\000A\000p\000e\000r\000t\000a}{section.15.2}% 310
\BOOKMARK [1][-]{section.15.3}{\376\377\000P\000r\000i\000n\000c\000i\000p\000a\000l\000i\000\040\000A\000r\000c\000h\000i\000t\000e\000t\000t\000u\000r\000e}{chapter.15}% 311
\BOOKMARK [2][-]{subsection.15.3.1}{\376\377\000A\000r\000c\000h\000i\000t\000e\000t\000t\000u\000r\000a\000\040\000C\000l\000i\000e\000n\000t\000-\000s\000e\000r\000v\000e\000r}{section.15.3}% 312
\BOOKMARK [2][-]{subsection.15.3.2}{\376\377\000P\000r\000i\000n\000c\000i\000p\000a\000l\000i\000\040\000A\000r\000c\000h\000i\000t\000e\000t\000t\000u\000r\000e\000\040\000S\000o\000f\000t\000w\000a\000r\000e}{section.15.3}% 313
\BOOKMARK [2][-]{subsection.15.3.3}{\376\377\000R\000e\000p\000o\000s\000i\000t\000o\000r\000y\000\040\000A\000r\000c\000h\000i\000t\000e\000c\000t\000u\000r\000e}{section.15.3}% 314
\BOOKMARK [2][-]{subsection.15.3.4}{\376\377\000E\000s\000e\000m\000p\000i\000o\000\040\000d\000i\000\040\000R\000e\000p\000o\000s\000i\000t\000o\000r\000y\000\040\000A\000r\000c\000h\000i\000t\000e\000c\000t\000u\000r\000e}{section.15.3}% 315
\BOOKMARK [2][-]{subsection.15.3.5}{\376\377\000V\000a\000n\000t\000a\000g\000g\000i\000\040\000d\000e\000l\000l\000'\000a\000r\000c\000h\000i\000t\000e\000t\000t\000u\000r\000a\000\040\000a\000\040\000r\000e\000p\000o\000s\000i\000t\000o\000r\000y}{section.15.3}% 316
\BOOKMARK [2][-]{subsection.15.3.6}{\376\377\000S\000v\000a\000n\000t\000a\000g\000g\000i\000\040\000d\000e\000l\000l\000'\000a\000r\000c\000h\000i\000t\000e\000t\000t\000u\000r\000a\000\040\000a\000\040\000r\000e\000p\000o\000s\000i\000t\000o\000r\000y}{section.15.3}% 317
\BOOKMARK [2][-]{subsection.15.3.7}{\376\377\000L\000a\000y\000e\000r\000e\000d\000\040\000A\000r\000c\000h\000i\000t\000e\000c\000t\000u\000r\000e}{section.15.3}% 318
\BOOKMARK [2][-]{subsection.15.3.8}{\376\377\000E\000s\000e\000m\000p\000i\000o\000\040\000L\000a\000y\000e\000r\000e\000d\000\040\000A\000r\000c\000h\000i\000t\000e\000c\000t\000u\000r\000e}{section.15.3}% 319
\BOOKMARK [2][-]{subsection.15.3.9}{\376\377\000A\000r\000c\000h\000i\000t\000e\000t\000t\000u\000r\000e\000\040\000t\000h\000r\000e\000e\000-\000t\000i\000e\000r\000\040\000-\000\040\000I}{section.15.3}% 320
\BOOKMARK [2][-]{subsection.15.3.10}{\376\377\000V\000a\000n\000t\000a\000g\000g\000i\000\040\000d\000i\000\040\000a\000r\000c\000h\000i\000t\000e\000t\000t\000u\000r\000e\000\040\000t\000h\000r\000e\000e\000-\000t\000i\000e\000r}{section.15.3}% 321
\BOOKMARK [2][-]{subsection.15.3.11}{\376\377\000V\000a\000n\000t\000a\000g\000g\000i\000\040\000d\000i\000\040\000a\000r\000c\000h\000i\000t\000e\000t\000t\000u\000r\000e\000\040\000t\000h\000r\000e\000e\000-\000t\000i\000e\000r}{section.15.3}% 322
\BOOKMARK [2][-]{subsection.15.3.12}{\376\377\000S\000v\000a\000n\000t\000a\000g\000g\000i\000\040\000d\000i\000\040\000a\000r\000c\000h\000i\000t\000e\000t\000t\000u\000r\000e\000\040\000t\000h\000r\000e\000e\000-\000t\000i\000e\000r}{section.15.3}% 323
\BOOKMARK [0][-]{chapter.16}{\376\377\000L\000e\000z\000i\000o\000n\000e\000\040\0002\0001\000:\000\040\000M\000V\000C}{}% 324
\BOOKMARK [1][-]{section.16.1}{\376\377\000S\000t\000r\000u\000t\000t\000u\000r\000a\000\040\000d\000i\000\040\000u\000n\000'\000a\000p\000p\000\040\000s\000o\000f\000t\000w\000a\000r\000e}{chapter.16}% 325
\BOOKMARK [1][-]{section.16.2}{\376\377\000M\000o\000d\000e\000l\000-\000V\000i\000e\000w\000-\000C\000o\000n\000t\000r\000o\000l\000l\000e\000r}{chapter.16}% 326
\BOOKMARK [2][-]{subsection.16.2.1}{\376\377\000S\000t\000r\000u\000t\000t\000u\000r\000a\000\040\000e\000\040\000r\000e\000s\000p\000o\000n\000s\000a\000b\000i\000l\000i\000t\000\340}{section.16.2}% 327
\BOOKMARK [2][-]{subsection.16.2.2}{\376\377\000I\000n\000t\000e\000r\000a\000z\000i\000o\000n\000i\000\040\000f\000o\000n\000d\000a\000m\000e\000n\000t\000a\000l\000i}{section.16.2}% 328
\BOOKMARK [2][-]{subsection.16.2.3}{\376\377\000C\000o\000n\000s\000i\000d\000e\000r\000a\000z\000i\000o\000n\000i}{section.16.2}% 329
\BOOKMARK [2][-]{subsection.16.2.4}{\376\377\000M\000V\000C\000\040\000e\000\040\000q\000u\000a\000l\000i\000t\000\340\000\040\000d\000e\000l\000\040\000s\000o\000f\000t\000w\000a\000r\000e}{section.16.2}% 330
\BOOKMARK [2][-]{subsection.16.2.5}{\376\377\000M\000V\000C\000\040\000e\000d\000\040\000e\000v\000e\000n\000t\000i\000\040\000i\000n\000\040\000J\000a\000v\000a}{section.16.2}% 331
\BOOKMARK [2][-]{subsection.16.2.6}{\376\377\000E\000s\000e\000m\000p\000i\000o}{section.16.2}% 332
\BOOKMARK [2][-]{subsection.16.2.7}{\376\377\000A\000p\000p\000l\000i\000c\000a\000z\000i\000o\000n\000i\000\040\000e\000\040\000l\000i\000v\000e\000l\000l\000i}{section.16.2}% 333
\BOOKMARK [2][-]{subsection.16.2.8}{\376\377\000M\000V\000C\000\040\000p\000e\000r\000\040\000C\000l\000a\000s\000s\000i\000\040\000d\000i\000\040\000D\000o\000m\000i\000n\000i\000o\000\040\000e\000\040\000W\000i\000d\000g\000e\000t}{section.16.2}% 334
